[debug] [2023-10-15T09:28:23.010Z] ----------------------------------------------------------------------
[debug] [2023-10-15T09:28:23.012Z] Command:       C:\Program Files\nodejs\node.exe C:\Users\Alexander\AppData\Roaming\npm\node_modules\firebase-tools\lib\bin\firebase.js init
[debug] [2023-10-15T09:28:23.012Z] CLI Version:   12.7.0
[debug] [2023-10-15T09:28:23.013Z] Platform:      win32
[debug] [2023-10-15T09:28:23.013Z] Node Version:  v16.18.0
[debug] [2023-10-15T09:28:23.014Z] Time:          Sun Oct 15 2023 14:58:23 GMT+0530 (India Standard Time)
[debug] [2023-10-15T09:28:23.014Z] ----------------------------------------------------------------------
[debug] 
[debug] [2023-10-15T09:28:23.023Z] > command requires scopes: ["email","openid","https://www.googleapis.com/auth/cloudplatformprojects.readonly","https://www.googleapis.com/auth/firebase","https://www.googleapis.com/auth/cloud-platform"]
[debug] [2023-10-15T09:28:23.024Z] > authorizing via signed-in user (alexanderdung777@gmail.com)
[info] 
     ######## #### ########  ######## ########     ###     ######  ########
     ##        ##  ##     ## ##       ##     ##  ##   ##  ##       ##
     ######    ##  ########  ######   ########  #########  ######  ######
     ##        ##  ##    ##  ##       ##     ## ##     ##       ## ##
     ##       #### ##     ## ######## ########  ##     ##  ######  ########

You're about to initialize a Firebase project in this directory:

  C:\Users\Alexander\Desktop\Project\api

[info] 
=== Project Setup
[info] 
[info] First, let's associate this project directory with a Firebase project.
[info] You can create multiple project aliases by running firebase use --add, 
[info] but for now we'll just set up a default project.
[info] 
[debug] [2023-10-15T09:28:40.904Z] >>> [apiv2][query] GET https://firebase.googleapis.com/v1beta1/projects pageSize=100
[debug] [2023-10-15T09:28:41.761Z] <<< [apiv2][status] GET https://firebase.googleapis.com/v1beta1/projects 200
[debug] [2023-10-15T09:28:41.762Z] <<< [apiv2][body] GET https://firebase.googleapis.com/v1beta1/projects [omitted]
[info] i  Using project test-api-module (test-api) 
[info] 
=== Hosting Setup
[info] 
[info] Your public directory is the folder (relative to your project directory) that
[info] will contain Hosting assets to be uploaded with firebase deploy. If you
[info] have a build process for your assets, use your build's output directory.
[info] 
